mode: set
github.com/abhir9/issue-board/api/cmd/api/main.go:41.13,50.16 4 0
github.com/abhir9/issue-board/api/cmd/api/main.go:50.16,53.3 2 0
github.com/abhir9/issue-board/api/cmd/api/main.go:55.2,58.59 2 0
github.com/abhir9/issue-board/api/cmd/api/main.go:58.59,61.3 2 0
github.com/abhir9/issue-board/api/cmd/api/main.go:62.2,70.74 5 0
github.com/abhir9/issue-board/api/cmd/api/main.go:70.74,73.3 2 0
github.com/abhir9/issue-board/api/cmd/api/main.go:76.2,99.62 11 0
github.com/abhir9/issue-board/api/cmd/api/main.go:99.62,101.3 1 0
github.com/abhir9/issue-board/api/cmd/api/main.go:102.2,107.68 2 0
github.com/abhir9/issue-board/api/cmd/api/main.go:107.68,116.54 6 0
github.com/abhir9/issue-board/api/cmd/api/main.go:116.54,121.4 4 0
github.com/abhir9/issue-board/api/cmd/api/main.go:123.3,129.57 4 0
github.com/abhir9/issue-board/api/cmd/api/main.go:129.57,131.4 1 0
github.com/abhir9/issue-board/api/cmd/api/main.go:135.2,135.37 1 0
github.com/abhir9/issue-board/api/cmd/api/main.go:135.37,147.3 9 0
github.com/abhir9/issue-board/api/cmd/api/main.go:150.2,159.65 2 0
github.com/abhir9/issue-board/api/cmd/api/main.go:159.65,162.3 2 0
github.com/abhir9/issue-board/api/cmd/api/main.go:165.2,166.12 2 0
github.com/abhir9/issue-board/api/cmd/api/main.go:166.12,169.3 2 0
github.com/abhir9/issue-board/api/cmd/api/main.go:172.2,176.9 3 0
github.com/abhir9/issue-board/api/cmd/api/main.go:177.29,179.13 2 0
github.com/abhir9/issue-board/api/cmd/api/main.go:181.25,189.46 4 0
github.com/abhir9/issue-board/api/cmd/api/main.go:189.46,191.41 2 0
github.com/abhir9/issue-board/api/cmd/api/main.go:191.41,193.5 1 0
github.com/abhir9/issue-board/api/cmd/api/main.go:194.4,194.14 1 0
github.com/abhir9/issue-board/api/cmd/api/main.go:197.3,197.40 1 0
github.com/abhir9/issue-board/api/cmd/api/main.go:202.32,213.21 5 0
github.com/abhir9/issue-board/api/cmd/api/main.go:213.21,216.17 3 0
github.com/abhir9/issue-board/api/cmd/api/main.go:216.17,218.12 2 0
github.com/abhir9/issue-board/api/cmd/api/main.go:220.3,221.88 2 0
github.com/abhir9/issue-board/api/docs/docs.go:574.13,576.2 1 0
github.com/abhir9/issue-board/api/cmd/seed/main.go:11.13,12.55 1 0
github.com/abhir9/issue-board/api/cmd/seed/main.go:12.55,14.3 1 0
github.com/abhir9/issue-board/api/cmd/seed/main.go:15.2,17.63 2 0
github.com/abhir9/issue-board/api/cmd/seed/main.go:17.63,19.3 1 0
github.com/abhir9/issue-board/api/cmd/seed/main.go:22.2,38.26 7 0
github.com/abhir9/issue-board/api/cmd/seed/main.go:38.26,41.17 3 0
github.com/abhir9/issue-board/api/cmd/seed/main.go:41.17,43.4 1 0
github.com/abhir9/issue-board/api/cmd/seed/main.go:44.3,45.44 2 0
github.com/abhir9/issue-board/api/cmd/seed/main.go:49.2,60.27 3 0
github.com/abhir9/issue-board/api/cmd/seed/main.go:60.27,63.17 3 0
github.com/abhir9/issue-board/api/cmd/seed/main.go:63.17,65.4 1 0
github.com/abhir9/issue-board/api/cmd/seed/main.go:66.3,67.45 2 0
github.com/abhir9/issue-board/api/cmd/seed/main.go:71.2,110.31 3 0
github.com/abhir9/issue-board/api/cmd/seed/main.go:110.31,118.17 4 0
github.com/abhir9/issue-board/api/cmd/seed/main.go:118.17,120.4 1 0
github.com/abhir9/issue-board/api/cmd/seed/main.go:123.3,125.17 3 0
github.com/abhir9/issue-board/api/cmd/seed/main.go:125.17,127.4 1 0
github.com/abhir9/issue-board/api/cmd/seed/main.go:130.3,130.36 1 0
github.com/abhir9/issue-board/api/cmd/seed/main.go:130.36,133.4 2 0
github.com/abhir9/issue-board/api/cmd/seed/main.go:135.3,135.107 1 0
github.com/abhir9/issue-board/api/cmd/seed/main.go:137.2,137.75 1 0
github.com/abhir9/issue-board/api/internal/config/config.go:40.30,65.27 2 1
github.com/abhir9/issue-board/api/internal/config/config.go:65.27,67.3 1 1
github.com/abhir9/issue-board/api/internal/config/config.go:69.2,69.17 1 1
github.com/abhir9/issue-board/api/internal/config/config.go:72.44,73.38 1 1
github.com/abhir9/issue-board/api/internal/config/config.go:73.38,75.3 1 1
github.com/abhir9/issue-board/api/internal/config/config.go:76.2,76.19 1 1
github.com/abhir9/issue-board/api/internal/config/config.go:79.45,81.15 2 1
github.com/abhir9/issue-board/api/internal/config/config.go:81.15,83.3 1 1
github.com/abhir9/issue-board/api/internal/config/config.go:84.2,85.16 2 1
github.com/abhir9/issue-board/api/internal/config/config.go:85.16,87.3 1 1
github.com/abhir9/issue-board/api/internal/config/config.go:88.2,88.15 1 1
github.com/abhir9/issue-board/api/internal/config/config.go:91.70,93.15 2 1
github.com/abhir9/issue-board/api/internal/config/config.go:93.15,95.3 1 1
github.com/abhir9/issue-board/api/internal/config/config.go:96.2,97.16 2 1
github.com/abhir9/issue-board/api/internal/config/config.go:97.16,99.3 1 1
github.com/abhir9/issue-board/api/internal/config/config.go:100.2,100.17 1 1
github.com/abhir9/issue-board/api/internal/config/config.go:103.31,104.56 1 1
github.com/abhir9/issue-board/api/internal/config/config.go:104.56,106.3 1 1
github.com/abhir9/issue-board/api/internal/config/config.go:107.2,107.44 1 1
github.com/abhir9/issue-board/api/internal/config/config.go:107.44,109.3 1 1
github.com/abhir9/issue-board/api/internal/config/config.go:110.2,110.11 1 1
github.com/abhir9/issue-board/api/internal/config/config.go:113.35,115.19 2 1
github.com/abhir9/issue-board/api/internal/config/config.go:115.19,118.3 1 1
github.com/abhir9/issue-board/api/internal/config/config.go:120.2,120.26 1 1
github.com/abhir9/issue-board/api/internal/database/db.go:14.42,17.16 3 1
github.com/abhir9/issue-board/api/internal/database/db.go:17.16,19.3 1 0
github.com/abhir9/issue-board/api/internal/database/db.go:21.2,21.33 1 1
github.com/abhir9/issue-board/api/internal/database/db.go:21.33,23.3 1 1
github.com/abhir9/issue-board/api/internal/database/db.go:25.2,25.12 1 1
github.com/abhir9/issue-board/api/internal/database/db.go:28.47,30.16 2 1
github.com/abhir9/issue-board/api/internal/database/db.go:30.16,32.3 1 1
github.com/abhir9/issue-board/api/internal/database/db.go:34.2,34.29 1 1
github.com/abhir9/issue-board/api/internal/database/db.go:34.29,35.42 1 1
github.com/abhir9/issue-board/api/internal/database/db.go:35.42,37.18 2 1
github.com/abhir9/issue-board/api/internal/database/db.go:37.18,39.5 1 0
github.com/abhir9/issue-board/api/internal/database/db.go:41.4,42.18 2 1
github.com/abhir9/issue-board/api/internal/database/db.go:42.18,44.5 1 1
github.com/abhir9/issue-board/api/internal/database/db.go:45.4,45.54 1 1
github.com/abhir9/issue-board/api/internal/database/db.go:48.2,48.12 1 1
github.com/abhir9/issue-board/api/internal/database/repository.go:16.44,18.2 1 1
github.com/abhir9/issue-board/api/internal/database/repository.go:21.169,31.21 3 1
github.com/abhir9/issue-board/api/internal/database/repository.go:31.21,33.28 2 1
github.com/abhir9/issue-board/api/internal/database/repository.go:33.28,36.4 2 1
github.com/abhir9/issue-board/api/internal/database/repository.go:37.3,37.81 1 1
github.com/abhir9/issue-board/api/internal/database/repository.go:40.2,40.22 1 1
github.com/abhir9/issue-board/api/internal/database/repository.go:40.22,43.3 2 1
github.com/abhir9/issue-board/api/internal/database/repository.go:45.2,45.23 1 1
github.com/abhir9/issue-board/api/internal/database/repository.go:45.23,47.30 2 1
github.com/abhir9/issue-board/api/internal/database/repository.go:47.30,50.4 2 1
github.com/abhir9/issue-board/api/internal/database/repository.go:51.3,51.83 1 1
github.com/abhir9/issue-board/api/internal/database/repository.go:54.2,54.21 1 1
github.com/abhir9/issue-board/api/internal/database/repository.go:54.21,56.28 2 1
github.com/abhir9/issue-board/api/internal/database/repository.go:56.28,59.4 2 1
github.com/abhir9/issue-board/api/internal/database/repository.go:61.3,61.183 1 1
github.com/abhir9/issue-board/api/internal/database/repository.go:64.2,67.18 2 1
github.com/abhir9/issue-board/api/internal/database/repository.go:67.18,71.3 3 1
github.com/abhir9/issue-board/api/internal/database/repository.go:73.2,74.16 2 1
github.com/abhir9/issue-board/api/internal/database/repository.go:74.16,76.3 1 0
github.com/abhir9/issue-board/api/internal/database/repository.go:77.2,82.18 4 1
github.com/abhir9/issue-board/api/internal/database/repository.go:82.18,94.17 8 1
github.com/abhir9/issue-board/api/internal/database/repository.go:94.17,96.4 1 0
github.com/abhir9/issue-board/api/internal/database/repository.go:98.3,98.23 1 1
github.com/abhir9/issue-board/api/internal/database/repository.go:98.23,100.20 2 1
github.com/abhir9/issue-board/api/internal/database/repository.go:100.20,105.5 4 1
github.com/abhir9/issue-board/api/internal/database/repository.go:108.3,109.36 2 1
github.com/abhir9/issue-board/api/internal/database/repository.go:112.2,112.34 1 1
github.com/abhir9/issue-board/api/internal/database/repository.go:112.34,114.3 1 0
github.com/abhir9/issue-board/api/internal/database/repository.go:117.2,117.23 1 1
github.com/abhir9/issue-board/api/internal/database/repository.go:117.23,119.17 2 1
github.com/abhir9/issue-board/api/internal/database/repository.go:119.17,121.4 1 0
github.com/abhir9/issue-board/api/internal/database/repository.go:124.3,124.25 1 1
github.com/abhir9/issue-board/api/internal/database/repository.go:124.25,125.48 1 1
github.com/abhir9/issue-board/api/internal/database/repository.go:125.48,127.5 1 1
github.com/abhir9/issue-board/api/internal/database/repository.go:127.10,129.5 1 1
github.com/abhir9/issue-board/api/internal/database/repository.go:133.2,133.20 1 1
github.com/abhir9/issue-board/api/internal/database/repository.go:136.101,144.16 3 1
github.com/abhir9/issue-board/api/internal/database/repository.go:144.16,146.3 1 0
github.com/abhir9/issue-board/api/internal/database/repository.go:147.2,150.18 3 1
github.com/abhir9/issue-board/api/internal/database/repository.go:150.18,152.61 2 1
github.com/abhir9/issue-board/api/internal/database/repository.go:152.61,154.4 1 0
github.com/abhir9/issue-board/api/internal/database/repository.go:155.3,155.29 1 1
github.com/abhir9/issue-board/api/internal/database/repository.go:157.2,157.20 1 1
github.com/abhir9/issue-board/api/internal/database/repository.go:161.116,162.24 1 1
github.com/abhir9/issue-board/api/internal/database/repository.go:162.24,164.3 1 1
github.com/abhir9/issue-board/api/internal/database/repository.go:166.2,168.30 3 1
github.com/abhir9/issue-board/api/internal/database/repository.go:168.30,171.3 2 1
github.com/abhir9/issue-board/api/internal/database/repository.go:173.2,182.16 3 1
github.com/abhir9/issue-board/api/internal/database/repository.go:182.16,184.3 1 0
github.com/abhir9/issue-board/api/internal/database/repository.go:185.2,188.18 3 1
github.com/abhir9/issue-board/api/internal/database/repository.go:188.18,191.71 3 1
github.com/abhir9/issue-board/api/internal/database/repository.go:191.71,193.4 1 0
github.com/abhir9/issue-board/api/internal/database/repository.go:194.3,194.51 1 1
github.com/abhir9/issue-board/api/internal/database/repository.go:197.2,197.34 1 1
github.com/abhir9/issue-board/api/internal/database/repository.go:197.34,199.3 1 0
github.com/abhir9/issue-board/api/internal/database/repository.go:201.2,201.22 1 1
github.com/abhir9/issue-board/api/internal/database/repository.go:204.81,210.16 3 1
github.com/abhir9/issue-board/api/internal/database/repository.go:210.16,212.3 1 0
github.com/abhir9/issue-board/api/internal/database/repository.go:213.2,213.12 1 1
github.com/abhir9/issue-board/api/internal/database/repository.go:216.86,235.26 9 1
github.com/abhir9/issue-board/api/internal/database/repository.go:235.26,237.3 1 1
github.com/abhir9/issue-board/api/internal/database/repository.go:238.2,238.16 1 1
github.com/abhir9/issue-board/api/internal/database/repository.go:238.16,240.3 1 0
github.com/abhir9/issue-board/api/internal/database/repository.go:242.2,242.22 1 1
github.com/abhir9/issue-board/api/internal/database/repository.go:242.22,244.19 2 0
github.com/abhir9/issue-board/api/internal/database/repository.go:244.19,249.4 4 0
github.com/abhir9/issue-board/api/internal/database/repository.go:252.2,253.16 2 1
github.com/abhir9/issue-board/api/internal/database/repository.go:253.16,255.3 1 0
github.com/abhir9/issue-board/api/internal/database/repository.go:256.2,258.16 2 1
github.com/abhir9/issue-board/api/internal/database/repository.go:261.104,267.28 4 1
github.com/abhir9/issue-board/api/internal/database/repository.go:267.28,270.3 2 1
github.com/abhir9/issue-board/api/internal/database/repository.go:272.2,272.21 1 1
github.com/abhir9/issue-board/api/internal/database/repository.go:272.21,274.3 1 0
github.com/abhir9/issue-board/api/internal/database/repository.go:276.2,280.16 4 1
github.com/abhir9/issue-board/api/internal/database/repository.go:280.16,282.3 1 0
github.com/abhir9/issue-board/api/internal/database/repository.go:284.2,285.16 2 1
github.com/abhir9/issue-board/api/internal/database/repository.go:285.16,287.3 1 0
github.com/abhir9/issue-board/api/internal/database/repository.go:289.2,289.23 1 1
github.com/abhir9/issue-board/api/internal/database/repository.go:289.23,291.3 1 1
github.com/abhir9/issue-board/api/internal/database/repository.go:293.2,293.12 1 1
github.com/abhir9/issue-board/api/internal/database/repository.go:296.102,298.16 2 1
github.com/abhir9/issue-board/api/internal/database/repository.go:298.16,300.3 1 0
github.com/abhir9/issue-board/api/internal/database/repository.go:301.2,305.16 3 1
github.com/abhir9/issue-board/api/internal/database/repository.go:305.16,307.3 1 0
github.com/abhir9/issue-board/api/internal/database/repository.go:310.2,310.23 1 1
github.com/abhir9/issue-board/api/internal/database/repository.go:310.23,312.17 2 1
github.com/abhir9/issue-board/api/internal/database/repository.go:312.17,314.4 1 0
github.com/abhir9/issue-board/api/internal/database/repository.go:315.3,317.36 2 1
github.com/abhir9/issue-board/api/internal/database/repository.go:317.36,319.18 2 1
github.com/abhir9/issue-board/api/internal/database/repository.go:319.18,321.5 1 0
github.com/abhir9/issue-board/api/internal/database/repository.go:325.2,325.36 1 1
github.com/abhir9/issue-board/api/internal/database/repository.go:325.36,327.3 1 0
github.com/abhir9/issue-board/api/internal/database/repository.go:329.2,329.12 1 1
github.com/abhir9/issue-board/api/internal/database/repository.go:332.72,334.16 2 1
github.com/abhir9/issue-board/api/internal/database/repository.go:334.16,336.3 1 0
github.com/abhir9/issue-board/api/internal/database/repository.go:338.2,339.16 2 1
github.com/abhir9/issue-board/api/internal/database/repository.go:339.16,341.3 1 0
github.com/abhir9/issue-board/api/internal/database/repository.go:343.2,343.23 1 1
github.com/abhir9/issue-board/api/internal/database/repository.go:343.23,345.3 1 1
github.com/abhir9/issue-board/api/internal/database/repository.go:347.2,347.12 1 1
github.com/abhir9/issue-board/api/internal/database/repository.go:350.75,352.16 2 1
github.com/abhir9/issue-board/api/internal/database/repository.go:352.16,354.3 1 0
github.com/abhir9/issue-board/api/internal/database/repository.go:355.2,358.18 3 1
github.com/abhir9/issue-board/api/internal/database/repository.go:358.18,361.63 3 1
github.com/abhir9/issue-board/api/internal/database/repository.go:361.63,363.4 1 0
github.com/abhir9/issue-board/api/internal/database/repository.go:364.3,364.22 1 1
github.com/abhir9/issue-board/api/internal/database/repository.go:364.22,366.4 1 1
github.com/abhir9/issue-board/api/internal/database/repository.go:367.3,367.27 1 1
github.com/abhir9/issue-board/api/internal/database/repository.go:370.2,370.34 1 1
github.com/abhir9/issue-board/api/internal/database/repository.go:370.34,372.3 1 0
github.com/abhir9/issue-board/api/internal/database/repository.go:374.2,374.19 1 1
github.com/abhir9/issue-board/api/internal/database/repository.go:377.77,379.16 2 1
github.com/abhir9/issue-board/api/internal/database/repository.go:379.16,381.3 1 0
github.com/abhir9/issue-board/api/internal/database/repository.go:382.2,385.18 3 1
github.com/abhir9/issue-board/api/internal/database/repository.go:385.18,387.61 2 1
github.com/abhir9/issue-board/api/internal/database/repository.go:387.61,389.4 1 0
github.com/abhir9/issue-board/api/internal/database/repository.go:390.3,390.29 1 1
github.com/abhir9/issue-board/api/internal/database/repository.go:393.2,393.34 1 1
github.com/abhir9/issue-board/api/internal/database/repository.go:393.34,395.3 1 0
github.com/abhir9/issue-board/api/internal/database/repository.go:397.2,397.20 1 1
github.com/abhir9/issue-board/api/internal/handlers/handlers.go:21.63,24.2 2 0
github.com/abhir9/issue-board/api/internal/handlers/handlers.go:30.53,32.2 1 1
github.com/abhir9/issue-board/api/internal/handlers/handlers.go:48.69,58.57 8 1
github.com/abhir9/issue-board/api/internal/handlers/handlers.go:58.57,59.59 1 0
github.com/abhir9/issue-board/api/internal/handlers/handlers.go:59.59,61.4 1 0
github.com/abhir9/issue-board/api/internal/handlers/handlers.go:63.2,63.70 1 1
github.com/abhir9/issue-board/api/internal/handlers/handlers.go:63.70,64.65 1 0
github.com/abhir9/issue-board/api/internal/handlers/handlers.go:64.65,66.4 1 0
github.com/abhir9/issue-board/api/internal/handlers/handlers.go:69.2,70.16 2 1
github.com/abhir9/issue-board/api/internal/handlers/handlers.go:70.16,74.3 3 0
github.com/abhir9/issue-board/api/internal/handlers/handlers.go:76.2,76.43 1 1
github.com/abhir9/issue-board/api/internal/handlers/handlers.go:91.71,94.61 3 1
github.com/abhir9/issue-board/api/internal/handlers/handlers.go:94.61,98.3 3 1
github.com/abhir9/issue-board/api/internal/handlers/handlers.go:101.2,101.57 1 1
github.com/abhir9/issue-board/api/internal/handlers/handlers.go:101.57,104.3 2 0
github.com/abhir9/issue-board/api/internal/handlers/handlers.go:106.2,111.16 4 1
github.com/abhir9/issue-board/api/internal/handlers/handlers.go:111.16,115.3 3 0
github.com/abhir9/issue-board/api/internal/handlers/handlers.go:118.2,119.29 2 1
github.com/abhir9/issue-board/api/internal/handlers/handlers.go:119.29,121.40 2 0
github.com/abhir9/issue-board/api/internal/handlers/handlers.go:121.40,122.35 1 0
github.com/abhir9/issue-board/api/internal/handlers/handlers.go:122.35,124.5 1 0
github.com/abhir9/issue-board/api/internal/handlers/handlers.go:126.3,126.28 1 0
github.com/abhir9/issue-board/api/internal/handlers/handlers.go:129.2,141.55 2 1
github.com/abhir9/issue-board/api/internal/handlers/handlers.go:141.55,145.3 3 0
github.com/abhir9/issue-board/api/internal/handlers/handlers.go:147.2,147.27 1 1
github.com/abhir9/issue-board/api/internal/handlers/handlers.go:147.27,148.73 1 0
github.com/abhir9/issue-board/api/internal/handlers/handlers.go:148.73,152.4 3 0
github.com/abhir9/issue-board/api/internal/handlers/handlers.go:155.2,156.16 2 1
github.com/abhir9/issue-board/api/internal/handlers/handlers.go:156.16,160.3 3 0
github.com/abhir9/issue-board/api/internal/handlers/handlers.go:162.2,162.54 1 1
github.com/abhir9/issue-board/api/internal/handlers/handlers.go:177.68,181.16 4 1
github.com/abhir9/issue-board/api/internal/handlers/handlers.go:181.16,185.3 3 0
github.com/abhir9/issue-board/api/internal/handlers/handlers.go:186.2,186.18 1 1
github.com/abhir9/issue-board/api/internal/handlers/handlers.go:186.18,189.3 2 1
github.com/abhir9/issue-board/api/internal/handlers/handlers.go:191.2,191.42 1 1
github.com/abhir9/issue-board/api/internal/handlers/handlers.go:207.71,211.61 4 1
github.com/abhir9/issue-board/api/internal/handlers/handlers.go:211.61,215.3 3 0
github.com/abhir9/issue-board/api/internal/handlers/handlers.go:218.2,218.57 1 1
github.com/abhir9/issue-board/api/internal/handlers/handlers.go:218.57,221.3 2 0
github.com/abhir9/issue-board/api/internal/handlers/handlers.go:223.2,224.22 2 1
github.com/abhir9/issue-board/api/internal/handlers/handlers.go:224.22,226.3 1 1
github.com/abhir9/issue-board/api/internal/handlers/handlers.go:227.2,227.28 1 1
github.com/abhir9/issue-board/api/internal/handlers/handlers.go:227.28,229.3 1 0
github.com/abhir9/issue-board/api/internal/handlers/handlers.go:230.2,230.23 1 1
github.com/abhir9/issue-board/api/internal/handlers/handlers.go:230.23,232.3 1 0
github.com/abhir9/issue-board/api/internal/handlers/handlers.go:233.2,233.25 1 1
github.com/abhir9/issue-board/api/internal/handlers/handlers.go:233.25,235.3 1 0
github.com/abhir9/issue-board/api/internal/handlers/handlers.go:236.2,236.27 1 1
github.com/abhir9/issue-board/api/internal/handlers/handlers.go:236.27,238.3 1 0
github.com/abhir9/issue-board/api/internal/handlers/handlers.go:239.2,241.61 2 1
github.com/abhir9/issue-board/api/internal/handlers/handlers.go:241.61,245.3 3 1
github.com/abhir9/issue-board/api/internal/handlers/handlers.go:247.2,247.25 1 1
github.com/abhir9/issue-board/api/internal/handlers/handlers.go:247.25,248.73 1 0
github.com/abhir9/issue-board/api/internal/handlers/handlers.go:248.73,252.4 3 0
github.com/abhir9/issue-board/api/internal/handlers/handlers.go:255.2,256.16 2 1
github.com/abhir9/issue-board/api/internal/handlers/handlers.go:256.16,260.3 3 0
github.com/abhir9/issue-board/api/internal/handlers/handlers.go:262.2,262.49 1 1
github.com/abhir9/issue-board/api/internal/handlers/handlers.go:278.69,282.61 4 1
github.com/abhir9/issue-board/api/internal/handlers/handlers.go:282.61,286.3 3 0
github.com/abhir9/issue-board/api/internal/handlers/handlers.go:288.2,292.23 2 1
github.com/abhir9/issue-board/api/internal/handlers/handlers.go:292.23,294.3 1 1
github.com/abhir9/issue-board/api/internal/handlers/handlers.go:295.2,295.27 1 1
github.com/abhir9/issue-board/api/internal/handlers/handlers.go:295.27,297.3 1 1
github.com/abhir9/issue-board/api/internal/handlers/handlers.go:299.2,299.61 1 1
github.com/abhir9/issue-board/api/internal/handlers/handlers.go:299.61,303.3 3 0
github.com/abhir9/issue-board/api/internal/handlers/handlers.go:305.2,305.30 1 1
github.com/abhir9/issue-board/api/internal/handlers/handlers.go:317.71,320.52 3 1
github.com/abhir9/issue-board/api/internal/handlers/handlers.go:320.52,324.3 3 0
github.com/abhir9/issue-board/api/internal/handlers/handlers.go:325.2,325.37 1 1
github.com/abhir9/issue-board/api/internal/handlers/handlers.go:338.68,341.16 3 1
github.com/abhir9/issue-board/api/internal/handlers/handlers.go:341.16,345.3 3 0
github.com/abhir9/issue-board/api/internal/handlers/handlers.go:346.2,346.42 1 1
github.com/abhir9/issue-board/api/internal/handlers/handlers.go:359.69,362.16 3 1
github.com/abhir9/issue-board/api/internal/handlers/handlers.go:362.16,366.3 3 0
github.com/abhir9/issue-board/api/internal/handlers/handlers.go:367.2,367.43 1 1
github.com/abhir9/issue-board/api/internal/handlers/handlers.go:371.71,374.21 2 1
github.com/abhir9/issue-board/api/internal/handlers/handlers.go:374.21,376.3 1 0
github.com/abhir9/issue-board/api/internal/handlers/handlers.go:376.8,376.33 1 1
github.com/abhir9/issue-board/api/internal/handlers/handlers.go:376.33,378.3 1 0
github.com/abhir9/issue-board/api/internal/handlers/handlers.go:380.2,380.33 1 1
github.com/abhir9/issue-board/api/internal/handlers/handlers.go:380.33,382.3 1 0
github.com/abhir9/issue-board/api/internal/handlers/handlers.go:384.2,385.41 2 1
github.com/abhir9/issue-board/api/internal/handlers/handlers.go:385.41,386.22 1 1
github.com/abhir9/issue-board/api/internal/handlers/handlers.go:386.22,388.9 2 1
github.com/abhir9/issue-board/api/internal/handlers/handlers.go:391.2,391.18 1 1
github.com/abhir9/issue-board/api/internal/handlers/handlers.go:391.18,393.3 1 0
github.com/abhir9/issue-board/api/internal/handlers/handlers.go:395.2,396.43 2 1
github.com/abhir9/issue-board/api/internal/handlers/handlers.go:396.43,397.24 1 1
github.com/abhir9/issue-board/api/internal/handlers/handlers.go:397.24,399.9 2 1
github.com/abhir9/issue-board/api/internal/handlers/handlers.go:402.2,402.20 1 1
github.com/abhir9/issue-board/api/internal/handlers/handlers.go:402.20,404.3 1 0
github.com/abhir9/issue-board/api/internal/handlers/handlers.go:406.2,406.21 1 1
github.com/abhir9/issue-board/api/internal/handlers/handlers.go:406.21,408.3 1 0
github.com/abhir9/issue-board/api/internal/handlers/handlers.go:409.2,409.12 1 1
github.com/abhir9/issue-board/api/internal/handlers/handlers.go:413.71,416.22 2 1
github.com/abhir9/issue-board/api/internal/handlers/handlers.go:416.22,417.23 1 1
github.com/abhir9/issue-board/api/internal/handlers/handlers.go:417.23,419.4 1 0
github.com/abhir9/issue-board/api/internal/handlers/handlers.go:419.9,419.35 1 1
github.com/abhir9/issue-board/api/internal/handlers/handlers.go:419.35,421.4 1 0
github.com/abhir9/issue-board/api/internal/handlers/handlers.go:424.2,424.60 1 1
github.com/abhir9/issue-board/api/internal/handlers/handlers.go:424.60,426.3 1 0
github.com/abhir9/issue-board/api/internal/handlers/handlers.go:428.2,428.23 1 1
github.com/abhir9/issue-board/api/internal/handlers/handlers.go:428.23,430.42 2 0
github.com/abhir9/issue-board/api/internal/handlers/handlers.go:430.42,431.24 1 0
github.com/abhir9/issue-board/api/internal/handlers/handlers.go:431.24,433.10 2 0
github.com/abhir9/issue-board/api/internal/handlers/handlers.go:436.3,436.19 1 0
github.com/abhir9/issue-board/api/internal/handlers/handlers.go:436.19,438.4 1 0
github.com/abhir9/issue-board/api/internal/handlers/handlers.go:441.2,441.25 1 1
github.com/abhir9/issue-board/api/internal/handlers/handlers.go:441.25,443.44 2 0
github.com/abhir9/issue-board/api/internal/handlers/handlers.go:443.44,444.26 1 0
github.com/abhir9/issue-board/api/internal/handlers/handlers.go:444.26,446.10 2 0
github.com/abhir9/issue-board/api/internal/handlers/handlers.go:449.3,449.21 1 0
github.com/abhir9/issue-board/api/internal/handlers/handlers.go:449.21,451.4 1 0
github.com/abhir9/issue-board/api/internal/handlers/handlers.go:454.2,454.21 1 1
github.com/abhir9/issue-board/api/internal/handlers/handlers.go:454.21,456.3 1 0
github.com/abhir9/issue-board/api/internal/handlers/handlers.go:457.2,457.12 1 1
github.com/abhir9/issue-board/api/internal/utils/response.go:13.100,20.2 3 1
github.com/abhir9/issue-board/api/internal/utils/response.go:22.69,26.2 3 1
github.com/abhir9/issue-board/api/internal/validator/validator.go:17.42,19.24 2 1
github.com/abhir9/issue-board/api/internal/validator/validator.go:19.24,21.3 1 1
github.com/abhir9/issue-board/api/internal/validator/validator.go:22.2,22.37 1 1
github.com/abhir9/issue-board/api/internal/validator/validator.go:31.23,35.2 1 1
github.com/abhir9/issue-board/api/internal/validator/validator.go:38.53,43.2 1 1
github.com/abhir9/issue-board/api/internal/validator/validator.go:46.51,47.36 1 1
github.com/abhir9/issue-board/api/internal/validator/validator.go:47.36,49.3 1 1
github.com/abhir9/issue-board/api/internal/validator/validator.go:53.61,54.22 1 1
github.com/abhir9/issue-board/api/internal/validator/validator.go:54.22,56.3 1 1
github.com/abhir9/issue-board/api/internal/validator/validator.go:60.61,61.22 1 1
github.com/abhir9/issue-board/api/internal/validator/validator.go:61.22,63.3 1 1
github.com/abhir9/issue-board/api/internal/validator/validator.go:67.66,68.28 1 1
github.com/abhir9/issue-board/api/internal/validator/validator.go:68.28,69.17 1 1
github.com/abhir9/issue-board/api/internal/validator/validator.go:69.17,71.4 1 1
github.com/abhir9/issue-board/api/internal/validator/validator.go:73.2,73.83 1 1
github.com/abhir9/issue-board/api/internal/validator/validator.go:77.34,79.2 1 1
github.com/abhir9/issue-board/api/internal/validator/validator.go:82.47,84.2 1 1
github.com/abhir9/issue-board/api/internal/middleware/auth.go:9.69,10.46 1 1
github.com/abhir9/issue-board/api/internal/middleware/auth.go:10.46,11.72 1 1
github.com/abhir9/issue-board/api/internal/middleware/auth.go:11.72,13.45 2 1
github.com/abhir9/issue-board/api/internal/middleware/auth.go:13.45,20.5 4 1
github.com/abhir9/issue-board/api/internal/middleware/auth.go:21.4,21.24 1 1
